<?xml version="1.0" encoding="UTF-8" ?>
<testsuite errors="0" failures="0" hostname="cdc-odc-junjie" name="org.workin.test.xml.JaxbBinderTest" tests="3" time="0.625" timestamp="2009-12-16T02:16:13">
  <properties>
[...]
</properties>
  <testcase classname="org.workin.test.xml.JaxbBinderTest" name="bindObject2Xml" time="0.359" />
  <testcase classname="org.workin.test.xml.JaxbBinderTest" name="bindXml2Object" time="0.031" />
  <testcase classname="org.workin.test.xml.JaxbBinderTest" name="toXmlWithListAsRoot" time="0.0" />
  <system-out><![CDATA[[org.workin.test.xml.JaxbBinderTest] - < bind with bindObject2Xml: <?xml version="1.0" encoding="UTF-8" standalone="yes"?>
<user id="123">
    <name>G.Lee</name>
    <roles>
        <role name="Admin" id="1"/>
        <role name="User" id="2"/>
    </roles>
    <interests>
        <interest>girl</interest>
        <interest>football</interest>
    </interests>
    <houses>
        <house key="CD">Hourse-CD</house>
        <house key="NC">Hourse-NC</house>
    </houses>
</user>
>
[org.workin.test.xml.JaxbBinderTest] - <Jaxb Xml to Object result:
org.workin.test.xml.jaxb.User@f0c85e[id=123,name=G.Lee,password=<null>,roles=[org.workin.test.xml.jaxb.Role@1d2fc36[id=1,name=Admin], org.workin.test.xml.jaxb.Role@ac6a45[id=2,name=User]],interests=[girl, football],houses={CD=Hourse-CD, NC=Hourse-NC}]>
[org.workin.test.xml.JaxbBinderTest] - <Jaxb Object List to Xml result:
<?xml version="1.0" encoding="UTF-8" standalone="yes"?>
<userList>
    <user id="123">
        <name>G.Lee</name>
        <roles>
            <role name="Admin" id="1"/>
            <role name="User" id="2"/>
        </roles>
        <interests>
            <interest>girl</interest>
            <interest>football</interest>
        </interests>
        <houses>
            <house key="CD">Hourse-CD</house>
            <house key="NC">Hourse-NC</house>
        </houses>
    </user>
    <user id="234">
        <name>Bily</name>
        <roles>
            <role name="User" id="2"/>
        </roles>
        <interests>
            <interest>boy</interest>
            <interest>ball</interest>
        </interests>
        <houses>
            <house key="CD">CD-Hourse</house>
            <house key="CQ">CQ-Hourse</house>
        </houses>
    </user>
</userList>
>
]]></system-out>
  <system-err><![CDATA[]]></system-err>
</testsuite>
