<?xml version="1.0" encoding="UTF-8" ?>
<testsuite errors="0" failures="0" hostname="cdc-odc-junjie" name="org.workin.test.ws.rest.client.EmployeeRestClientTest" tests="4" time="5.14" timestamp="2009-12-16T02:15:53">
  <properties>
[...]
</properties>
  <testcase classname="org.workin.test.ws.rest.client.EmployeeRestClientTest" name="retrieveEmployeeById" time="4.703" />
  <testcase classname="org.workin.test.ws.rest.client.EmployeeRestClientTest" name="retrieveXMLEmployeeById" time="0.125" />
  <testcase classname="org.workin.test.ws.rest.client.EmployeeRestClientTest" name="retrieveXmlEmployees" time="0.141" />
  <testcase classname="org.workin.test.ws.rest.client.EmployeeRestClientTest" name="retrieveEmployees" time="0.109" />
  <system-out><![CDATA[[org.apache.cxf.bus.spring.BusApplicationContext] - <Refreshing org.apache.cxf.bus.spring.BusApplicationContext@13ad33d: display name [org.apache.cxf.bus.spring.BusApplicationContext@13ad33d]; startup date [Wed Dec 16 10:15:54 CST 2009]; root of context hierarchy>
[org.apache.cxf.bus.spring.ControlledValidationXmlBeanDefinitionReader] - <Loading XML bean definitions from class path resource [META-INF/cxf/cxf.xml]>
[org.apache.cxf.bus.spring.ControlledValidationXmlBeanDefinitionReader] - <Loading XML bean definitions from class path resource [META-INF/cxf/cxf-extension-corba.xml]>
[org.apache.cxf.bus.spring.ControlledValidationXmlBeanDefinitionReader] - <Loading XML bean definitions from class path resource [META-INF/cxf/cxf-extension-jaxws.xml]>
[org.apache.cxf.bus.spring.ControlledValidationXmlBeanDefinitionReader] - <Loading XML bean definitions from class path resource [META-INF/cxf/cxf-extension-soap.xml]>
[org.apache.cxf.bus.spring.ControlledValidationXmlBeanDefinitionReader] - <Loading XML bean definitions from class path resource [META-INF/cxf/cxf-extension-xml.xml]>
[org.apache.cxf.bus.spring.ControlledValidationXmlBeanDefinitionReader] - <Loading XML bean definitions from class path resource [META-INF/cxf/cxf-extension-addr.xml]>
[org.apache.cxf.bus.spring.ControlledValidationXmlBeanDefinitionReader] - <Loading XML bean definitions from class path resource [META-INF/cxf/cxf-extension-javascript-client.xml]>
[org.apache.cxf.bus.spring.ControlledValidationXmlBeanDefinitionReader] - <Loading XML bean definitions from class path resource [META-INF/cxf/cxf-extension-local.xml]>
[org.apache.cxf.bus.spring.ControlledValidationXmlBeanDefinitionReader] - <Loading XML bean definitions from class path resource [META-INF/cxf/cxf-extension-http.xml]>
[org.apache.cxf.bus.spring.ControlledValidationXmlBeanDefinitionReader] - <Loading XML bean definitions from class path resource [META-INF/cxf/cxf-extension-management.xml]>
[org.apache.cxf.bus.spring.ControlledValidationXmlBeanDefinitionReader] - <Loading XML bean definitions from class path resource [META-INF/cxf/cxf-extension-http-jetty.xml]>
[org.apache.cxf.bus.spring.ControlledValidationXmlBeanDefinitionReader] - <Loading XML bean definitions from class path resource [META-INF/cxf/cxf-extension-http.xml]>
[org.springframework.beans.factory.support.DefaultListableBeanFactory] - <Overriding bean definition for bean 'org.apache.cxf.transport.http.policy.HTTPClientAssertionBuilder': replacing [Generic bean: class [org.apache.cxf.transport.http.policy.HTTPClientAssertionBuilder]; scope=singleton; abstract=false; lazyInit=false; autowireMode=0; dependencyCheck=0; autowireCandidate=true; primary=false; factoryBeanName=null; factoryMethodName=null; initMethodName=null; destroyMethodName=null; defined in class path resource [META-INF/cxf/cxf-extension-http.xml]] with [Generic bean: class [org.apache.cxf.transport.http.policy.HTTPClientAssertionBuilder]; scope=singleton; abstract=false; lazyInit=false; autowireMode=0; dependencyCheck=0; autowireCandidate=true; primary=false; factoryBeanName=null; factoryMethodName=null; initMethodName=null; destroyMethodName=null; defined in class path resource [META-INF/cxf/cxf-extension-http.xml&#x5d;&#x5d;&gt;
[org.springframework.beans.factory.support.DefaultListableBeanFactory] - <Overriding bean definition for bean 'org.apache.cxf.transport.http.policy.HTTPServerAssertionBuilder': replacing [Generic bean: class [org.apache.cxf.transport.http.policy.HTTPServerAssertionBuilder]; scope=singleton; abstract=false; lazyInit=false; autowireMode=0; dependencyCheck=0; autowireCandidate=true; primary=false; factoryBeanName=null; factoryMethodName=null; initMethodName=null; destroyMethodName=null; defined in class path resource [META-INF/cxf/cxf-extension-http.xml]] with [Generic bean: class [org.apache.cxf.transport.http.policy.HTTPServerAssertionBuilder]; scope=singleton; abstract=false; lazyInit=false; autowireMode=0; dependencyCheck=0; autowireCandidate=true; primary=false; factoryBeanName=null; factoryMethodName=null; initMethodName=null; destroyMethodName=null; defined in class path resource [META-INF/cxf/cxf-extension-http.xml&#x5d;&#x5d;&gt;
[org.springframework.beans.factory.support.DefaultListableBeanFactory] - <Overriding bean definition for bean 'org.apache.cxf.transport.http.policy.NoOpPolicyInterceptorProvider': replacing [Generic bean: class [org.apache.cxf.transport.http.policy.NoOpPolicyInterceptorProvider]; scope=singleton; abstract=false; lazyInit=false; autowireMode=0; dependencyCheck=0; autowireCandidate=true; primary=false; factoryBeanName=null; factoryMethodName=null; initMethodName=null; destroyMethodName=null; defined in class path resource [META-INF/cxf/cxf-extension-http.xml]] with [Generic bean: class [org.apache.cxf.transport.http.policy.NoOpPolicyInterceptorProvider]; scope=singleton; abstract=false; lazyInit=false; autowireMode=0; dependencyCheck=0; autowireCandidate=true; primary=false; factoryBeanName=null; factoryMethodName=null; initMethodName=null; destroyMethodName=null; defined in class path resource [META-INF/cxf/cxf-extension-http.xml&#x5d;&#x5d;&gt;
[org.springframework.beans.factory.support.DefaultListableBeanFactory] - <Overriding bean definition for bean 'org.apache.cxf.transport.http.ClientOnlyHTTPTransportFactory': replacing [Generic bean: class [org.apache.cxf.transport.http.ClientOnlyHTTPTransportFactory]; scope=singleton; abstract=false; lazyInit=true; autowireMode=0; dependencyCheck=0; autowireCandidate=true; primary=false; factoryBeanName=null; factoryMethodName=null; initMethodName=null; destroyMethodName=null; defined in class path resource [META-INF/cxf/cxf-extension-http.xml]] with [Generic bean: class [org.apache.cxf.transport.http.ClientOnlyHTTPTransportFactory]; scope=singleton; abstract=false; lazyInit=true; autowireMode=0; dependencyCheck=0; autowireCandidate=true; primary=false; factoryBeanName=null; factoryMethodName=null; initMethodName=null; destroyMethodName=null; defined in class path resource [META-INF/cxf/cxf-extension-http.xml&#x5d;&#x5d;&gt;
[org.apache.cxf.bus.spring.ControlledValidationXmlBeanDefinitionReader] - <Loading XML bean definitions from class path resource [META-INF/cxf/cxf-extension-jms.xml]>
[org.apache.cxf.bus.spring.ControlledValidationXmlBeanDefinitionReader] - <Loading XML bean definitions from class path resource [META-INF/cxf/cxf-extension-object-binding.xml]>
[org.apache.cxf.bus.spring.ControlledValidationXmlBeanDefinitionReader] - <Loading XML bean definitions from class path resource [META-INF/cxf/cxf-extension-http-binding.xml]>
[org.apache.cxf.bus.spring.ControlledValidationXmlBeanDefinitionReader] - <Loading XML bean definitions from class path resource [META-INF/cxf/cxf-extension-jaxrs-binding.xml]>
[org.apache.cxf.bus.spring.ControlledValidationXmlBeanDefinitionReader] - <Loading XML bean definitions from class path resource [META-INF/cxf/cxf-extension-ws-security.xml]>
[org.apache.cxf.bus.spring.ControlledValidationXmlBeanDefinitionReader] - <Loading XML bean definitions from class path resource [META-INF/cxf/cxf-extension-policy.xml]>
[org.apache.cxf.bus.spring.ControlledValidationXmlBeanDefinitionReader] - <Loading XML bean definitions from class path resource [META-INF/cxf/cxf-extension-rm.xml]>
[org.apache.cxf.bus.spring.BusApplicationContext] - <Bean factory for application context [org.apache.cxf.bus.spring.BusApplicationContext@13ad33d]: org.springframework.beans.factory.support.DefaultListableBeanFactory@11bed71>
[org.springframework.beans.factory.support.DefaultListableBeanFactory] - <Pre-instantiating singletons in org.springframework.beans.factory.support.DefaultListableBeanFactory@11bed71: defining beans [cxf,org.apache.cxf.bus.spring.BusApplicationListener,org.apache.cxf.bus.spring.BusWiringBeanFactoryPostProcessor,org.apache.cxf.bus.spring.Jsr250BeanPostProcessor,org.apache.cxf.bus.spring.BusExtensionPostProcessor,org.apache.cxf.resource.ResourceManager,org.apache.cxf.configuration.Configurer,org.apache.cxf.binding.BindingFactoryManager,org.apache.cxf.transport.DestinationFactoryManager,org.apache.cxf.transport.ConduitInitiatorManager,org.apache.cxf.wsdl.WSDLManager,org.apache.cxf.phase.PhaseManager,org.apache.cxf.workqueue.WorkQueueManager,org.apache.cxf.buslifecycle.BusLifeCycleManager,org.apache.cxf.endpoint.ServerRegistry,org.apache.cxf.endpoint.ServerLifeCycleManager,org.apache.cxf.endpoint.ClientLifeCycleManager,org.apache.cxf.transports.http.QueryHandlerRegistry,org.apache.cxf.endpoint.EndpointResolverRegistry,org.apache.cxf.headers.HeaderManager,org.apache.cxf.catalog.OASISCatalogManager,org.apache.cxf.endpoint.ServiceContractResolverRegistry,org.apache.cxf.binding.corba.CorbaBindingFactory,org.apache.cxf.binding.corba.wsdl.WSDLExtensionRegister#0,org.apache.cxf.jaxws.context.WebServiceContextResourceResolver,org.apache.cxf.jaxws.context.WebServiceContextImpl,org.apache.cxf.binding.soap.SoapBindingFactory,org.apache.cxf.binding.soap.SoapTransportFactory,org.apache.cxf.binding.soap.customEditorConfigurer,org.apache.cxf.binding.xml.XMLBindingFactory,org.apache.cxf.ws.addressing.policy.AddressingAssertionBuilder,org.apache.cxf.ws.addressing.policy.AddressingPolicyInterceptorProvider,org.apache.cxf.ws.addressing.policy.UsingAddressingAssertionBuilder,org.apache.cxf.javascript.JavascriptQueryHandlerRegistry,org.apache.cxf.transport.local.LocalTransportFactory,org.apache.cxf.transport.http.policy.HTTPClientAssertionBuilder,org.apache.cxf.transport.http.policy.HTTPServerAssertionBuilder,org.apache.cxf.transport.http.policy.NoOpPolicyInterceptorProvider,org.apache.cxf.transport.http.ClientOnlyHTTPTransportFactory,org.apache.cxf.management.InstrumentationManager,org.apache.cxf.transport.http_jetty.JettyHTTPTransportFactory,org.apache.cxf.transport.jms.JMSTransportFactory,org.apache.cxf.binding.object.ObjectBindingFactory,org.apache.cxf.binding.http.HttpBindingFactory,org.apache.cxf.jaxrs.JAXRSBindingFactory,org.apache.cxf.ws.security.policy.WSSecurityPolicyLoader,org.apache.cxf.ws.policy.AssertionBuilderRegistry,org.apache.cxf.ws.policy.PolicyInterceptorProviderRegistry,org.apache.cxf.ws.policy.attachment.external.DomainExpressionBuilderRegistry,org.apache.cxf.ws.policy.attachment.external.EndpointReferenceDomainExpressionBuilder,org.apache.cxf.ws.policy.PolicyBuilder,org.apache.cxf.ws.policy.PolicyEngine,org.apache.cxf.ws.policy.attachment.wsdl11.Wsdl11AttachmentPolicyProvider,org.apache.cxf.ws.policy.attachment.ServiceModelPolicyProvider,org.apache.cxf.ws.policy.mtom.MTOMAssertionBuilder,org.apache.cxf.ws.policy.mtom.MTOMPolicyInterceptorProvider,org.apache.cxf.ws.rm.RMManager,org.apache.cxf.ws.rm.policy.RMPolicyInterceptorProvider,org.apache.cxf.ws.rm.RMAssertionBuilder]; root of factory hierarchy>
[org.mortbay.log] - <Logging to org.slf4j.impl.Log4jLoggerAdapter(org.mortbay.log) via org.mortbay.log.Slf4jLog>
[org.mortbay.log] - <jetty-6.1.21>
[org.mortbay.log] - <Started SelectChannelConnector@0.0.0.0:8080>
[org.workin.ws.rest.engine.RestEngine] - <REST Server Start...>
[org.workin.ws.rest.client.RestHttpClient] - < excuteXMLRest xml: <?xml version="1.0" encoding="UTF-8" standalone="yes"?><Employee><birthday>1986-01-01T00:00:00+08:00</birthday><id>2</id><name>bily</name></Employee>>
[org.workin.ws.rest.engine.RestEngine] - <REST Server Started...>
[org.workin.ws.rest.client.RestHttpClient] - < excuteXMLRest xml: <?xml version="1.0" encoding="UTF-8" standalone="yes"?><Employee><birthday>1986-01-01T00:00:00+08:00</birthday><id>2</id><name>bily</name></Employee>>
[org.workin.ws.rest.engine.RestEngine] - <REST Server Started...>
[org.workin.ws.rest.client.RestHttpClient] - < excuteXMLRest xml: <?xml version="1.0" encoding="UTF-8" standalone="yes"?><AllEmployeeResult><code>0</code><employeeList><Employee><birthday>1986-01-02T00:00:00+08:00</birthday><id>1</id><name>tom</name></Employee><Employee><birthday>1986-01-01T00:00:00+08:00</birthday><id>2</id><name>bily</name></Employee><Employee><birthday>1986-01-03T00:00:00+08:00</birthday><id>3</id><name>itaxta</name></Employee></employeeList></AllEmployeeResult>>
[org.workin.ws.rest.engine.RestEngine] - <REST Server Started...>
[org.workin.ws.rest.client.RestHttpClient] - < excuteXMLRest xml: <?xml version="1.0" encoding="UTF-8" standalone="yes"?><AllEmployeeResult><code>0</code><employeeList><Employee><birthday>1986-01-02T00:00:00+08:00</birthday><id>1</id><name>tom</name></Employee><Employee><birthday>1986-01-01T00:00:00+08:00</birthday><id>2</id><name>bily</name></Employee><Employee><birthday>1986-01-03T00:00:00+08:00</birthday><id>3</id><name>itaxta</name></Employee></employeeList></AllEmployeeResult>>
]]></system-out>
  <system-err><![CDATA[2009-12-16 10:15:54 org.apache.cxf.bus.spring.BusApplicationContext getConfigResources
信息: No cxf.xml configuration file detected, relying on defaults.
2009-12-16 10:15:56 org.apache.cxf.endpoint.ServerImpl initDestination
信息: Setting the server's publish address to be http://localhost:8080/workin/rest
2009-12-16 10:15:57 org.apache.cxf.interceptor.LoggingInInterceptor logging
信息: Inbound Message
----------------------------
ID: 1
Address: /workin/rest/employeeService/2/retrieve
Encoding: 
Content-Type: */*
Headers: {content-type=[*/*], connection=[keep-alive], Host=[localhost:8080], User-Agent=[Apache CXF 2.2.4], Content-Type=[*/*], Accept=[application/xml], Pragma=[no-cache], Cache-Control=[no-cache]}
Payload: 
--------------------------------------
2009-12-16 10:15:57 org.apache.cxf.interceptor.LoggingOutInterceptor$LoggingCallback onClose
信息: Outbound Message
---------------------------
ID: 1
Encoding: 
Content-Type: application/xml
Headers: {Date=[Wed, 16 Dec 2009 02:15:57 GMT]}
Payload: <?xml version="1.0" encoding="UTF-8" standalone="yes"?><Employee><birthday>1986-01-01T00:00:00+08:00</birthday><id>2</id><name>bily</name></Employee>
--------------------------------------
2009-12-16 10:15:58 org.apache.cxf.interceptor.LoggingInInterceptor logging
信息: Inbound Message
----------------------------
ID: 2
Address: /workin/rest/employeeService/2/retrieve
Encoding: 
Content-Type: 
Headers: {connection=[Keep-Alive], Host=[localhost:8080], User-Agent=[Apache-HttpClient/4.0 (java 1.5)], Content-Type=[null]}
Payload: 
--------------------------------------
2009-12-16 10:15:58 org.apache.cxf.interceptor.LoggingOutInterceptor$LoggingCallback onClose
信息: Outbound Message
---------------------------
ID: 2
Encoding: 
Content-Type: application/xml
Headers: {Date=[Wed, 16 Dec 2009 02:15:58 GMT]}
Payload: <?xml version="1.0" encoding="UTF-8" standalone="yes"?><Employee><birthday>1986-01-01T00:00:00+08:00</birthday><id>2</id><name>bily</name></Employee>
--------------------------------------
2009-12-16 10:15:58 org.apache.cxf.interceptor.LoggingInInterceptor logging
信息: Inbound Message
----------------------------
ID: 3
Address: /workin/rest/employeeService/2/retrieve
Encoding: 
Content-Type: */*
Headers: {content-type=[*/*], connection=[keep-alive], Host=[localhost:8080], User-Agent=[Apache CXF 2.2.4], Content-Type=[*/*], Accept=[application/xml], Pragma=[no-cache], Cache-Control=[no-cache]}
Payload: 
--------------------------------------
2009-12-16 10:15:58 org.apache.cxf.interceptor.LoggingOutInterceptor$LoggingCallback onClose
信息: Outbound Message
---------------------------
ID: 3
Encoding: 
Content-Type: application/xml
Headers: {Date=[Wed, 16 Dec 2009 02:15:58 GMT]}
Payload: <?xml version="1.0" encoding="UTF-8" standalone="yes"?><Employee><birthday>1986-01-01T00:00:00+08:00</birthday><id>2</id><name>bily</name></Employee>
--------------------------------------
2009-12-16 10:15:58 org.apache.cxf.interceptor.LoggingInInterceptor logging
信息: Inbound Message
----------------------------
ID: 4
Address: /workin/rest/employeeService/2/retrieve
Encoding: 
Content-Type: 
Headers: {connection=[Keep-Alive], Host=[localhost:8080], User-Agent=[Apache-HttpClient/4.0 (java 1.5)], Content-Type=[null]}
Payload: 
--------------------------------------
2009-12-16 10:15:58 org.apache.cxf.interceptor.LoggingOutInterceptor$LoggingCallback onClose
信息: Outbound Message
---------------------------
ID: 4
Encoding: 
Content-Type: application/xml
Headers: {Date=[Wed, 16 Dec 2009 02:15:58 GMT]}
Payload: <?xml version="1.0" encoding="UTF-8" standalone="yes"?><Employee><birthday>1986-01-01T00:00:00+08:00</birthday><id>2</id><name>bily</name></Employee>
--------------------------------------
2009-12-16 10:15:58 org.apache.cxf.interceptor.LoggingInInterceptor logging
信息: Inbound Message
----------------------------
ID: 5
Address: /workin/rest/employeeService/retrievies
Encoding: 
Content-Type: */*
Headers: {content-type=[*/*], connection=[keep-alive], Host=[localhost:8080], User-Agent=[Apache CXF 2.2.4], Content-Type=[*/*], Accept=[application/xml], Pragma=[no-cache], Cache-Control=[no-cache]}
Payload: 
--------------------------------------
2009-12-16 10:15:58 org.apache.cxf.interceptor.LoggingOutInterceptor$LoggingCallback onClose
信息: Outbound Message
---------------------------
ID: 5
Encoding: 
Content-Type: application/xml
Headers: {Date=[Wed, 16 Dec 2009 02:15:58 GMT]}
Payload: <?xml version="1.0" encoding="UTF-8" standalone="yes"?><AllEmployeeResult><code>0</code><employeeList><Employee><birthday>1986-01-02T00:00:00+08:00</birthday><id>1</id><name>tom</name></Employee><Employee><birthday>1986-01-01T00:00:00+08:00</birthday><id>2</id><name>bily</name></Employee><Employee><birthday>1986-01-03T00:00:00+08:00</birthday><id>3</id><name>itaxta</name></Employee></employeeList></AllEmployeeResult>
--------------------------------------
2009-12-16 10:15:58 org.apache.cxf.interceptor.LoggingInInterceptor logging
信息: Inbound Message
----------------------------
ID: 6
Address: /workin/rest/employeeService/retrievies
Encoding: 
Content-Type: 
Headers: {connection=[Keep-Alive], Host=[localhost:8080], User-Agent=[Apache-HttpClient/4.0 (java 1.5)], Content-Type=[null]}
Payload: 
--------------------------------------
2009-12-16 10:15:58 org.apache.cxf.interceptor.LoggingOutInterceptor$LoggingCallback onClose
信息: Outbound Message
---------------------------
ID: 6
Encoding: 
Content-Type: application/xml
Headers: {Date=[Wed, 16 Dec 2009 02:15:58 GMT]}
Payload: <?xml version="1.0" encoding="UTF-8" standalone="yes"?><AllEmployeeResult><code>0</code><employeeList><Employee><birthday>1986-01-02T00:00:00+08:00</birthday><id>1</id><name>tom</name></Employee><Employee><birthday>1986-01-01T00:00:00+08:00</birthday><id>2</id><name>bily</name></Employee><Employee><birthday>1986-01-03T00:00:00+08:00</birthday><id>3</id><name>itaxta</name></Employee></employeeList></AllEmployeeResult>
--------------------------------------
2009-12-16 10:15:58 org.apache.cxf.interceptor.LoggingInInterceptor logging
信息: Inbound Message
----------------------------
ID: 7
Address: /workin/rest/employeeService/retrievies
Encoding: 
Content-Type: */*
Headers: {content-type=[*/*], connection=[keep-alive], Host=[localhost:8080], User-Agent=[Apache CXF 2.2.4], Content-Type=[*/*], Accept=[application/xml], Pragma=[no-cache], Cache-Control=[no-cache]}
Payload: 
--------------------------------------
2009-12-16 10:15:58 org.apache.cxf.interceptor.LoggingOutInterceptor$LoggingCallback onClose
信息: Outbound Message
---------------------------
ID: 7
Encoding: 
Content-Type: application/xml
Headers: {Date=[Wed, 16 Dec 2009 02:15:58 GMT]}
Payload: <?xml version="1.0" encoding="UTF-8" standalone="yes"?><AllEmployeeResult><code>0</code><employeeList><Employee><birthday>1986-01-02T00:00:00+08:00</birthday><id>1</id><name>tom</name></Employee><Employee><birthday>1986-01-01T00:00:00+08:00</birthday><id>2</id><name>bily</name></Employee><Employee><birthday>1986-01-03T00:00:00+08:00</birthday><id>3</id><name>itaxta</name></Employee></employeeList></AllEmployeeResult>
--------------------------------------
2009-12-16 10:15:58 org.apache.cxf.interceptor.LoggingInInterceptor logging
信息: Inbound Message
----------------------------
ID: 8
Address: /workin/rest/employeeService/retrievies
Encoding: 
Content-Type: 
Headers: {connection=[Keep-Alive], Host=[localhost:8080], User-Agent=[Apache-HttpClient/4.0 (java 1.5)], Content-Type=[null]}
Payload: 
--------------------------------------
2009-12-16 10:15:58 org.apache.cxf.interceptor.LoggingOutInterceptor$LoggingCallback onClose
信息: Outbound Message
---------------------------
ID: 8
Encoding: 
Content-Type: application/xml
Headers: {Date=[Wed, 16 Dec 2009 02:15:58 GMT]}
Payload: <?xml version="1.0" encoding="UTF-8" standalone="yes"?><AllEmployeeResult><code>0</code><employeeList><Employee><birthday>1986-01-02T00:00:00+08:00</birthday><id>1</id><name>tom</name></Employee><Employee><birthday>1986-01-01T00:00:00+08:00</birthday><id>2</id><name>bily</name></Employee><Employee><birthday>1986-01-03T00:00:00+08:00</birthday><id>3</id><name>itaxta</name></Employee></employeeList></AllEmployeeResult>
--------------------------------------
]]></system-err>
</testsuite>
