<?xml version="1.0" encoding="UTF-8" ?>
<testsuite errors="0" failures="0" hostname="cdc-odc-junjie" name="org.workin.test.notify.JMSQueueNotifyTest" tests="1" time="5.468" timestamp="2009-11-18T11:33:59">
  <properties>
[...]
</properties>
  <testcase classname="org.workin.test.notify.JMSQueueNotifyTest" name="sendQueueTest" time="0.093" />
  <system-out><![CDATA[[org.springframework.beans.factory.xml.XmlBeanDefinitionReader] - <Loading XML bean definitions from class path resource [applicationContext.xml]>
[org.springframework.beans.factory.xml.XmlBeanDefinitionReader] - <Loading XML bean definitions from class path resource [tx/applicationContext-tx.xml]>
[org.springframework.beans.factory.xml.XmlBeanDefinitionReader] - <Loading XML bean definitions from class path resource [persistence/applicationContext-persistence.xml]>
[org.springframework.beans.factory.xml.XmlBeanDefinitionReader] - <Loading XML bean definitions from class path resource [security/applicationContext-security.xml]>
[org.springframework.beans.factory.xml.XmlBeanDefinitionReader] - <Loading XML bean definitions from class path resource [apps/applicationContext-person.xml]>
[org.springframework.beans.factory.xml.XmlBeanDefinitionReader] - <Loading XML bean definitions from class path resource [email/applicationContext-email.xml]>
[org.springframework.beans.factory.xml.XmlBeanDefinitionReader] - <Loading XML bean definitions from class path resource [jms/applicationContext-jms.xml]>
[org.springframework.beans.factory.xml.XmlBeanDefinitionReader] - <Loading XML bean definitions from class path resource [jms/applicationContext-producer.xml]>
[org.springframework.beans.factory.xml.XmlBeanDefinitionReader] - <Loading XML bean definitions from class path resource [jms/applicationContext-consumer.xml]>
[org.springframework.beans.factory.xml.XmlBeanDefinitionReader] - <Loading XML bean definitions from class path resource [rss/applicationContext-rss.xml]>
[org.springframework.context.support.GenericApplicationContext] - <Refreshing org.springframework.context.support.GenericApplicationContext@1749757: display name [org.springframework.context.support.GenericApplicationContext@1749757]; startup date [Wed Nov 18 19:34:00 CST 2009]; root of context hierarchy>
[org.springframework.context.support.GenericApplicationContext] - <Bean factory for application context [org.springframework.context.support.GenericApplicationContext@1749757]: org.springframework.beans.factory.support.DefaultListableBeanFactory@64883c>
[org.springframework.beans.factory.config.PropertyPlaceholderConfigurer] - <Loading properties file from class path resource [applicationContext.properties]>
[org.springframework.beans.factory.config.PropertyPlaceholderConfigurer] - <Loading properties file from class path resource [email/email.properties]>
[org.springframework.beans.factory.config.PropertyPlaceholderConfigurer] - <Loading properties file from class path resource [jms/jms.properties]>
[org.springframework.beans.factory.config.PropertyPlaceholderConfigurer] - <Loading properties file from class path resource [rss/rss.properties]>
[org.springframework.context.support.GenericApplicationContext] - <Bean 'org.springframework.orm.jpa.vendor.HibernateJpaVendorAdapter#2cb49d' is not eligible for getting processed by all BeanPostProcessors (for example: not eligible for auto-proxying)>
[org.springframework.context.support.GenericApplicationContext] - <Bean 'dataSource' is not eligible for getting processed by all BeanPostProcessors (for example: not eligible for auto-proxying)>
[org.springframework.orm.jpa.LocalContainerEntityManagerFactoryBean] - <Building JPA container EntityManagerFactory for persistence unit 'Workin'>
[org.hibernate.cfg.annotations.Version] - <Hibernate Annotations 3.4.0.GA>
[org.hibernate.cfg.Environment] - <Hibernate 3.3.2.GA>
[org.hibernate.cfg.Environment] - <hibernate.properties not found>
[org.hibernate.cfg.Environment] - <Bytecode provider name : javassist>
[org.hibernate.cfg.Environment] - <using JDK 1.4 java.sql.Timestamp handling>
[org.hibernate.annotations.common.Version] - <Hibernate Commons Annotations 3.1.0.GA>
[org.hibernate.ejb.Version] - <Hibernate EntityManager 3.4.0.GA>
[org.hibernate.ejb.Ejb3Configuration] - <Processing PersistenceUnitInfo [
	name: Workin
	...]>
[org.hibernate.cfg.AnnotationBinder] - <Binding entity from annotated class: org.workin.test.application.entity.Address>
[org.hibernate.cfg.annotations.EntityBinder] - <Bind entity org.workin.test.application.entity.Address on table Address>
[org.hibernate.cfg.AnnotationBinder] - <Binding entity from annotated class: org.workin.test.application.entity.Person>
[org.hibernate.cfg.annotations.QueryBinder] - <Binding Named query: findAllPerson => SELECT p FROM Person p>
[org.hibernate.cfg.annotations.QueryBinder] - <Binding Named query: findPersonByName => SELECT p FROM Person p WHERE p.name = :name>
[org.hibernate.cfg.annotations.QueryBinder] - <Binding Named query: findPersonByNameExt => SELECT p FROM Person p WHERE p.name = ?>
[org.hibernate.cfg.annotations.EntityBinder] - <Bind entity org.workin.test.application.entity.Person on table person>
[org.hibernate.cfg.AnnotationConfiguration] - <Hibernate Validator not found: ignoring>
[org.hibernate.cfg.search.HibernateSearchEventListenerRegister] - <Unable to find org.hibernate.search.event.FullTextIndexEventListener on the classpath. Hibernate Search is not enabled.>
[org.hibernate.connection.ConnectionProviderFactory] - <Initializing connection provider: org.hibernate.ejb.connection.InjectedDataSourceConnectionProvider>
[org.hibernate.ejb.connection.InjectedDataSourceConnectionProvider] - <Using provided datasource>
[org.hibernate.cfg.SettingsFactory] - <RDBMS: MySQL, version: 6.0.7-alpha-community-log>
[org.hibernate.cfg.SettingsFactory] - <JDBC driver: MySQL-AB JDBC Driver, version: mysql-connector-java-5.1.6 ( Revision: ${svn.Revision} )>
[org.hibernate.dialect.Dialect] - <Using dialect: org.hibernate.dialect.MySQL5InnoDBDialect>
[org.hibernate.transaction.TransactionFactoryFactory] - <Transaction strategy: org.hibernate.transaction.JDBCTransactionFactory>
[org.hibernate.transaction.TransactionManagerLookupFactory] - <No TransactionManagerLookup configured (in JTA environment, use of read-write or transactional second-level cache is not recommended)>
[org.hibernate.cfg.SettingsFactory] - <Automatic flush during beforeCompletion(): disabled>
[org.hibernate.cfg.SettingsFactory] - <Automatic session close at end of transaction: disabled>
[org.hibernate.cfg.SettingsFactory] - <JDBC batch size: 15>
[org.hibernate.cfg.SettingsFactory] - <JDBC batch updates for versioned data: disabled>
[org.hibernate.cfg.SettingsFactory] - <Scrollable result sets: enabled>
[org.hibernate.cfg.SettingsFactory] - <JDBC3 getGeneratedKeys(): enabled>
[org.hibernate.cfg.SettingsFactory] - <Connection release mode: auto>
[org.hibernate.cfg.SettingsFactory] - <Maximum outer join fetch depth: 2>
[org.hibernate.cfg.SettingsFactory] - <Default batch fetch size: 1>
[org.hibernate.cfg.SettingsFactory] - <Generate SQL with comments: disabled>
[org.hibernate.cfg.SettingsFactory] - <Order SQL updates by primary key: disabled>
[org.hibernate.cfg.SettingsFactory] - <Order SQL inserts for batching: disabled>
[org.hibernate.cfg.SettingsFactory] - <Query translator: org.hibernate.hql.ast.ASTQueryTranslatorFactory>
[org.hibernate.hql.ast.ASTQueryTranslatorFactory] - <Using ASTQueryTranslatorFactory>
[org.hibernate.cfg.SettingsFactory] - <Query language substitutions: {}>
[org.hibernate.cfg.SettingsFactory] - <JPA-QL strict compliance: enabled>
[org.hibernate.cfg.SettingsFactory] - <Second-level cache: enabled>
[org.hibernate.cfg.SettingsFactory] - <Query cache: enabled>
[org.hibernate.cfg.SettingsFactory] - <Cache region factory : org.hibernate.cache.impl.bridge.RegionFactoryCacheProviderBridge>
[org.hibernate.cfg.SettingsFactory] - <Optimize cache for minimal puts: disabled>
[org.hibernate.cfg.SettingsFactory] - <Structured second-level cache entries: disabled>
[org.hibernate.cfg.SettingsFactory] - <Query cache factory: org.hibernate.cache.StandardQueryCacheFactory>
[org.hibernate.cfg.SettingsFactory] - <Echoing all SQL to stdout>
[org.hibernate.cfg.SettingsFactory] - <Statistics: enabled>
[org.hibernate.cfg.SettingsFactory] - <Deleted entity synthetic identifier rollback: disabled>
[org.hibernate.cfg.SettingsFactory] - <Default entity-mode: pojo>
[org.hibernate.cfg.SettingsFactory] - <Named query checking : enabled>
[org.hibernate.impl.SessionFactoryImpl] - <building session factory>
[org.hibernate.impl.SessionFactoryObjectFactory] - <Not binding factory to JNDI, no JNDI name configured>
[org.hibernate.tool.hbm2ddl.SchemaUpdate] - <Running hbm2ddl schema update>
[org.hibernate.tool.hbm2ddl.SchemaUpdate] - <fetching database metadata>
[org.hibernate.tool.hbm2ddl.SchemaUpdate] - <updating schema>
[org.hibernate.tool.hbm2ddl.TableMetadata] - <table found: workin.address>
[org.hibernate.tool.hbm2ddl.TableMetadata] - <columns: [work, id, home, phone, updatedttm, updateby, createby, createdttm, version]>
[org.hibernate.tool.hbm2ddl.TableMetadata] - <foreign keys: []>
[org.hibernate.tool.hbm2ddl.TableMetadata] - <indexes: [primary]>
[org.hibernate.tool.hbm2ddl.TableMetadata] - <table found: workin.person>
[org.hibernate.tool.hbm2ddl.TableMetadata] - <columns: [id, birthday, sex, updatedttm, updateby, createby, name, createdttm, version]>
[org.hibernate.tool.hbm2ddl.TableMetadata] - <foreign keys: []>
[org.hibernate.tool.hbm2ddl.TableMetadata] - <indexes: [primary]>
[org.hibernate.tool.hbm2ddl.TableMetadata] - <table found: workin.person_address>
[org.hibernate.tool.hbm2ddl.TableMetadata] - <columns: [person_id, address_id]>
[org.hibernate.tool.hbm2ddl.TableMetadata] - <foreign keys: [fk873150eafc95f519, fk873150eaa1a6ad9b]>
[org.hibernate.tool.hbm2ddl.TableMetadata] - <indexes: [fk873150eafc95f519, address_id, fk873150eaa1a6ad9b, primary]>
[org.hibernate.tool.hbm2ddl.SchemaUpdate] - <schema update complete>
[org.springframework.context.support.GenericApplicationContext] - <Bean 'entityManagerFactory' is not eligible for getting processed by all BeanPostProcessors (for example: not eligible for auto-proxying)>
[org.springframework.beans.factory.support.DefaultListableBeanFactory] - <Pre-instantiating singletons in org.springframework.beans.factory.support.DefaultListableBeanFactory@64883c: defining beans [transactionManager,org.springframework.aop.config.internalAutoProxyCreator,org.springframework.transaction.annotation.AnnotationTransactionAttributeSource#0,org.springframework.transaction.interceptor.TransactionInterceptor#0,org.springframework.transaction.config.internalTransactionAdvisor,txAdvice,txAdvicePointcut,org.springframework.aop.support.DefaultBeanFactoryPointcutAdvisor#0,dataSource,entityManagerFactory,sqlMapClient,jpaPersistence,sqlMapPersistence,persistenceService,captchaService,personService,mailSender,mailService,mimeMailService,freemarkerConfiguration,broker,jmsFactory,jmsTemplate,notifyQueue,notifyTopic,notification,notifyMessageProducer,notifyQueueConsumer,jmsContainer,notifyTopicListener,templetOfFeed,rssBuilder,dateBean,org.springframework.beans.factory.config.PropertyPlaceholderConfigurer#0,org.springframework.context.annotation.internalPersistenceAnnotationProcessor,org.springframework.context.annotation.internalCommonAnnotationProcessor,org.springframework.context.annotation.internalAutowiredAnnotationProcessor,org.springframework.context.annotation.internalRequiredAnnotationProcessor,julToSlf4jHandler,springContextHolder,auditEventProvider,auditEventExecutor,org.springframework.dao.annotation.PersistenceExceptionTranslationPostProcessor#0]; root of factory hierarchy>
[org.apache.xbean.spring.context.ResourceXmlApplicationContext] - <Refreshing org.apache.xbean.spring.context.ResourceXmlApplicationContext@486cdd: display name [org.apache.xbean.spring.context.ResourceXmlApplicationContext@486cdd]; startup date [Wed Nov 18 19:34:03 CST 2009]; parent: org.springframework.context.support.GenericApplicationContext@1749757>
[org.apache.xbean.spring.context.v2.XBeanXmlBeanDefinitionReader] - <Loading XML bean definitions from class path resource [jms/activemq.xml]>
[org.apache.xbean.spring.context.ResourceXmlApplicationContext] - <Bean factory for application context [org.apache.xbean.spring.context.ResourceXmlApplicationContext@486cdd]: org.springframework.beans.factory.support.DefaultListableBeanFactory@14d659d>
[org.springframework.beans.factory.support.DefaultListableBeanFactory] - <Pre-instantiating singletons in org.springframework.beans.factory.support.DefaultListableBeanFactory@14d659d: defining beans [org.apache.activemq.xbean.XBeanBrokerService#0]; parent: org.springframework.beans.factory.support.DefaultListableBeanFactory@64883c>
[org.apache.activemq.broker.BrokerService] - <Using Persistence Adapter: MemoryPersistenceAdapter>
[org.apache.activemq.broker.BrokerService] - <ActiveMQ 5.3.0 JMS Message Broker (localhost) is starting>
[org.apache.activemq.broker.BrokerService] - <For help or more information please see: http://activemq.apache.org/>
[org.apache.activemq.transport.TransportServerThreadSupport] - <Listening for connections at: tcp://localhost:61616>
[org.apache.activemq.broker.TransportConnector] - <Connector tcp://localhost:61616 Started>
[org.apache.activemq.broker.BrokerService] - <ActiveMQ JMS Message Broker (localhost, ID:cdc-odc-junjie-2368-1258544043437-0:0) started>
[org.workin.core.entity.support.AuditEventProvider] - < Audit Event Executor : org.workin.core.entity.support.AuditEventExecutorImpl>
[org.springframework.test.context.transaction.TransactionalTestExecutionListener] - <Began transaction (1): transaction manager [org.springframework.orm.jpa.JpaTransactionManager@f3c5c4]; rollback [true]>
[org.springframework.test.context.transaction.TransactionalTestExecutionListener] - <Rolled back transaction after test execution for test context [[TestContext@2982bf testClass = JMSQueueNotifyTest, locations = array<String>['classpath:/applicationContext.xml'], testInstance = org.workin.test.notify.JMSQueueNotifyTest@146ee9c, testMethod = sendQueueTest@JMSQueueNotifyTest, testException = [null]&#x5d;&#x5d;&gt;
]]></system-out>
  <system-err><![CDATA[]]></system-err>
</testsuite>
